2020-12-09 21:36:05,825 INFO [main][SpringApplication.java:659] - No active profile set, falling back to default profiles: default
2020-12-09 21:36:05,835 INFO [main][AbstractApplicationContext.java:590] - Refreshing org.springframework.boot.web.servlet.context.AnnotationConfigServletWebServerApplicationContext@d3957fe: startup date [Wed Dec 09 21:36:05 CST 2020]; parent: org.springframework.context.annotation.AnnotationConfigApplicationContext@24fcf36f
2020-12-09 21:36:06,551 INFO [main][GenericScope.java:294] - BeanFactory id=5d4abe3e-42c0-33a6-bc29-25e708668a5b
2020-12-09 21:36:06,565 INFO [main][AutowiredAnnotationBeanPostProcessor.java:154] - JSR-330 'javax.inject.Inject' annotation found and supported for autowiring
2020-12-09 21:36:06,639 INFO [main][PostProcessorRegistrationDelegate.java:328] - Bean 'org.springframework.cloud.autoconfigure.ConfigurationPropertiesRebinderAutoConfiguration' of type [org.springframework.cloud.autoconfigure.ConfigurationPropertiesRebinderAutoConfiguration$$EnhancerBySpringCGLIB$$31db090a] is not eligible for getting processed by all BeanPostProcessors (for example: not eligible for auto-proxying)
2020-12-09 21:36:06,830 INFO [main][TomcatWebServer.java:91] - Tomcat initialized with port(s): 56080 (http)
2020-12-09 21:36:06,843 INFO [main][DirectJDKLog.java:180] - Initializing ProtocolHandler ["http-nio-56080"]
2020-12-09 21:36:06,849 INFO [main][DirectJDKLog.java:180] - Starting service [Tomcat]
2020-12-09 21:36:06,849 INFO [main][DirectJDKLog.java:180] - Starting Servlet Engine: Apache Tomcat/8.5.31
2020-12-09 21:36:06,852 INFO [localhost-startStop-1][DirectJDKLog.java:180] - The APR based Apache Tomcat Native library which allows optimal performance in production environments was not found on the java.library.path: [/Users/miwang/Library/Java/Extensions:/Library/Java/Extensions:/Network/Library/Java/Extensions:/System/Library/Java/Extensions:/usr/lib/java:.]
2020-12-09 21:36:06,975 INFO [localhost-startStop-1][DirectJDKLog.java:180] - Initializing Spring embedded WebApplicationContext
2020-12-09 21:36:06,975 INFO [localhost-startStop-1][ServletWebServerApplicationContext.java:285] - Root WebApplicationContext: initialization completed in 1140 ms
2020-12-09 21:36:07,143 WARN [localhost-startStop-1][URLConfigurationSource.java:121] - No URLs will be polled as dynamic configuration sources.
2020-12-09 21:36:07,143 INFO [localhost-startStop-1][URLConfigurationSource.java:122] - To enable URLs as dynamic configuration sources, define System property archaius.configurationSource.additionalUrls or make config.properties available on classpath.
2020-12-09 21:36:07,154 INFO [localhost-startStop-1][DynamicPropertyFactory.java:281] - DynamicPropertyFactory is initialized with configuration sources: com.netflix.config.ConcurrentCompositeConfiguration@76fe8d4
2020-12-09 21:36:07,670 INFO [localhost-startStop-1][AbstractFilterRegistrationBean.java:244] - Mapping filter: 'characterEncodingFilter' to: [/*]
2020-12-09 21:36:07,670 INFO [localhost-startStop-1][AbstractFilterRegistrationBean.java:244] - Mapping filter: 'hiddenHttpMethodFilter' to: [/*]
2020-12-09 21:36:07,671 INFO [localhost-startStop-1][AbstractFilterRegistrationBean.java:244] - Mapping filter: 'httpPutFormContentFilter' to: [/*]
2020-12-09 21:36:07,671 INFO [localhost-startStop-1][AbstractFilterRegistrationBean.java:244] - Mapping filter: 'requestContextFilter' to: [/*]
2020-12-09 21:36:07,671 INFO [localhost-startStop-1][AbstractFilterRegistrationBean.java:244] - Mapping filter: 'httpTraceFilter' to: [/*]
2020-12-09 21:36:07,671 INFO [localhost-startStop-1][AbstractFilterRegistrationBean.java:244] - Mapping filter: 'webMvcMetricsFilter' to: [/*]
2020-12-09 21:36:07,671 INFO [localhost-startStop-1][AbstractFilterRegistrationBean.java:257] - Mapping filter: 'servletContainer' to urls: [/eureka/*]
2020-12-09 21:36:07,672 INFO [localhost-startStop-1][ServletRegistrationBean.java:185] - Servlet dispatcherServlet mapped to [/]
2020-12-09 21:36:07,732 INFO [localhost-startStop-1][WebApplicationImpl.java:815] - Initiating Jersey application, version 'Jersey: 1.19.1 03/11/2016 02:08 PM'
2020-12-09 21:36:07,788 INFO [localhost-startStop-1][DiscoveryJerseyProvider.java:70] - Using JSON encoding codec LegacyJacksonJson
2020-12-09 21:36:07,788 INFO [localhost-startStop-1][DiscoveryJerseyProvider.java:71] - Using JSON decoding codec LegacyJacksonJson
2020-12-09 21:36:07,902 INFO [localhost-startStop-1][DiscoveryJerseyProvider.java:80] - Using XML encoding codec XStreamXml
2020-12-09 21:36:07,902 INFO [localhost-startStop-1][DiscoveryJerseyProvider.java:81] - Using XML decoding codec XStreamXml
2020-12-09 21:36:08,193 WARN [main][URLConfigurationSource.java:121] - No URLs will be polled as dynamic configuration sources.
2020-12-09 21:36:08,193 INFO [main][URLConfigurationSource.java:122] - To enable URLs as dynamic configuration sources, define System property archaius.configurationSource.additionalUrls or make config.properties available on classpath.
2020-12-09 21:36:08,259 INFO [main][AbstractUrlHandlerMapping.java:373] - Mapped URL path [/**/favicon.ico] onto handler of type [class org.springframework.web.servlet.resource.ResourceHttpRequestHandler]
2020-12-09 21:36:08,397 INFO [main][RequestMappingHandlerAdapter.java:574] - Looking for @ControllerAdvice: org.springframework.boot.web.servlet.context.AnnotationConfigServletWebServerApplicationContext@d3957fe: startup date [Wed Dec 09 21:36:05 CST 2020]; parent: org.springframework.context.annotation.AnnotationConfigApplicationContext@24fcf36f
2020-12-09 21:36:08,446 INFO [main][AbstractHandlerMethodMapping.java:547] - Mapped "{[/error]}" onto public org.springframework.http.ResponseEntity<java.util.Map<java.lang.String, java.lang.Object>> org.springframework.boot.autoconfigure.web.servlet.error.BasicErrorController.error(javax.servlet.http.HttpServletRequest)
2020-12-09 21:36:08,447 INFO [main][AbstractHandlerMethodMapping.java:547] - Mapped "{[/error],produces=[text/html]}" onto public org.springframework.web.servlet.ModelAndView org.springframework.boot.autoconfigure.web.servlet.error.BasicErrorController.errorHtml(javax.servlet.http.HttpServletRequest,javax.servlet.http.HttpServletResponse)
2020-12-09 21:36:08,453 INFO [main][AbstractHandlerMethodMapping.java:547] - Mapped "{[/],methods=[GET]}" onto public java.lang.String org.springframework.cloud.netflix.eureka.server.EurekaController.status(javax.servlet.http.HttpServletRequest,java.util.Map<java.lang.String, java.lang.Object>)
2020-12-09 21:36:08,453 INFO [main][AbstractHandlerMethodMapping.java:547] - Mapped "{[/lastn],methods=[GET]}" onto public java.lang.String org.springframework.cloud.netflix.eureka.server.EurekaController.lastn(javax.servlet.http.HttpServletRequest,java.util.Map<java.lang.String, java.lang.Object>)
2020-12-09 21:36:08,472 INFO [main][AbstractUrlHandlerMapping.java:373] - Mapped URL path [/webjars/**] onto handler of type [class org.springframework.web.servlet.resource.ResourceHttpRequestHandler]
2020-12-09 21:36:08,472 INFO [main][AbstractUrlHandlerMapping.java:373] - Mapped URL path [/**] onto handler of type [class org.springframework.web.servlet.resource.ResourceHttpRequestHandler]
2020-12-09 21:36:08,762 INFO [main][SpringTemplateLoader.java:62] - SpringTemplateLoader for FreeMarker: using resource loader [org.springframework.boot.web.servlet.context.AnnotationConfigServletWebServerApplicationContext@d3957fe: startup date [Wed Dec 09 21:36:05 CST 2020]; parent: org.springframework.context.annotation.AnnotationConfigApplicationContext@24fcf36f] and template loader path [classpath:/templates/]
2020-12-09 21:36:08,763 INFO [main][FreeMarkerConfigurer.java:131] - ClassTemplateLoader for Spring macros added to FreeMarker configuration
2020-12-09 21:36:08,891 INFO [main][InstanceInfoFactory.java:71] - Setting initial instance status as: STARTING
2020-12-09 21:36:08,920 INFO [main][DiscoveryClient.java:349] - Initializing Eureka in region us-east-1
2020-12-09 21:36:08,920 INFO [main][DiscoveryClient.java:352] - Client configured to neither register nor query for data.
2020-12-09 21:36:08,931 INFO [main][DiscoveryClient.java:365] - Discovery Client initialized at timestamp 1607520968929 with initial instances count: 0
2020-12-09 21:36:08,967 INFO [main][DefaultEurekaServerContext.java:63] - Initializing ...
2020-12-09 21:36:08,969 INFO [main][PeerEurekaNodes.java:188] - Adding new peer nodes [http://localhost:56080/eureka/]
2020-12-09 21:36:09,096 INFO [main][DiscoveryJerseyProvider.java:70] - Using JSON encoding codec LegacyJacksonJson
2020-12-09 21:36:09,096 INFO [main][DiscoveryJerseyProvider.java:71] - Using JSON decoding codec LegacyJacksonJson
2020-12-09 21:36:09,096 INFO [main][DiscoveryJerseyProvider.java:80] - Using XML encoding codec XStreamXml
2020-12-09 21:36:09,097 INFO [main][DiscoveryJerseyProvider.java:81] - Using XML decoding codec XStreamXml
2020-12-09 21:36:09,169 INFO [main][PeerEurekaNodes.java:110] - Replica node URL:  http://localhost:56080/eureka/
2020-12-09 21:36:09,175 INFO [main][AbstractInstanceRegistry.java:151] - Finished initializing remote region registries. All known remote regions: []
2020-12-09 21:36:09,176 INFO [main][DefaultEurekaServerContext.java:70] - Initialized
2020-12-09 21:36:09,187 INFO [main][EndpointLinksResolver.java:59] - Exposing 2 endpoint(s) beneath base path '/actuator'
2020-12-09 21:36:09,194 INFO [main][AbstractHandlerMethodMapping.java:547] - Mapped "{[/actuator/health],methods=[GET],produces=[application/vnd.spring-boot.actuator.v2+json || application/json]}" onto public java.lang.Object org.springframework.boot.actuate.endpoint.web.servlet.AbstractWebMvcEndpointHandlerMapping$OperationHandler.handle(javax.servlet.http.HttpServletRequest,java.util.Map<java.lang.String, java.lang.String>)
2020-12-09 21:36:09,195 INFO [main][AbstractHandlerMethodMapping.java:547] - Mapped "{[/actuator/info],methods=[GET],produces=[application/vnd.spring-boot.actuator.v2+json || application/json]}" onto public java.lang.Object org.springframework.boot.actuate.endpoint.web.servlet.AbstractWebMvcEndpointHandlerMapping$OperationHandler.handle(javax.servlet.http.HttpServletRequest,java.util.Map<java.lang.String, java.lang.String>)
2020-12-09 21:36:09,195 INFO [main][AbstractHandlerMethodMapping.java:547] - Mapped "{[/actuator],methods=[GET],produces=[application/vnd.spring-boot.actuator.v2+json || application/json]}" onto protected java.util.Map<java.lang.String, java.util.Map<java.lang.String, org.springframework.boot.actuate.endpoint.web.Link>> org.springframework.boot.actuate.endpoint.web.servlet.WebMvcEndpointHandlerMapping.links(javax.servlet.http.HttpServletRequest,javax.servlet.http.HttpServletResponse)
2020-12-09 21:36:09,231 INFO [main][MBeanExporter.java:433] - Registering beans for JMX exposure on startup
2020-12-09 21:36:09,238 INFO [main][MBeanExporter.java:895] - Bean with name 'environmentManager' has been autodetected for JMX exposure
2020-12-09 21:36:09,239 INFO [main][MBeanExporter.java:895] - Bean with name 'configurationPropertiesRebinder' has been autodetected for JMX exposure
2020-12-09 21:36:09,240 INFO [main][MBeanExporter.java:895] - Bean with name 'refreshScope' has been autodetected for JMX exposure
2020-12-09 21:36:09,242 INFO [main][MBeanExporter.java:675] - Located managed bean 'environmentManager': registering with JMX server as MBean [org.springframework.cloud.context.environment:name=environmentManager,type=EnvironmentManager]
2020-12-09 21:36:09,248 INFO [main][MBeanExporter.java:675] - Located managed bean 'refreshScope': registering with JMX server as MBean [org.springframework.cloud.context.scope.refresh:name=refreshScope,type=RefreshScope]
2020-12-09 21:36:09,254 INFO [main][MBeanExporter.java:675] - Located managed bean 'configurationPropertiesRebinder': registering with JMX server as MBean [org.springframework.cloud.context.properties:name=configurationPropertiesRebinder,context=d3957fe,type=ConfigurationPropertiesRebinder]
2020-12-09 21:36:09,260 INFO [main][DefaultLifecycleProcessor.java:351] - Starting beans in phase 0
2020-12-09 21:36:09,260 INFO [main][EurekaServiceRegistry.java:42] - Registering application seata-demo-discovery with eureka with status UP
2020-12-09 21:36:09,263 INFO [Thread-21][EurekaServerBootstrap.java:109] - Setting the eureka configuration..
2020-12-09 21:36:09,263 INFO [Thread-21][EurekaServerBootstrap.java:114] - Eureka data center value eureka.datacenter is not set, defaulting to default
2020-12-09 21:36:09,264 INFO [Thread-21][EurekaServerBootstrap.java:128] - Eureka environment value eureka.environment is not set, defaulting to test
2020-12-09 21:36:09,271 INFO [Thread-21][EurekaServerBootstrap.java:184] - isAws returned false
2020-12-09 21:36:09,272 INFO [Thread-21][EurekaServerBootstrap.java:152] - Initialized server context
2020-12-09 21:36:09,272 INFO [Thread-21][PeerAwareInstanceRegistryImpl.java:242] - Got 1 instances from neighboring DS node
2020-12-09 21:36:09,272 INFO [Thread-21][PeerAwareInstanceRegistryImpl.java:243] - Renew threshold is: 1
2020-12-09 21:36:09,272 INFO [main][DirectJDKLog.java:180] - Starting ProtocolHandler ["http-nio-56080"]
2020-12-09 21:36:09,272 INFO [Thread-21][PeerAwareInstanceRegistryImpl.java:254] - Changing status to UP
2020-12-09 21:36:09,279 INFO [Thread-21][EurekaServerInitializerConfiguration.java:72] - Started Eureka Server
2020-12-09 21:36:09,289 INFO [main][DirectJDKLog.java:180] - Using a shared selector for servlet write/read
2020-12-09 21:36:09,300 INFO [main][TomcatWebServer.java:206] - Tomcat started on port(s): 56080 (http) with context path ''
2020-12-09 21:36:09,300 INFO [main][EurekaAutoServiceRegistration.java:124] - Updating port to 56080
2020-12-09 21:36:09,303 INFO [main][StartupInfoLogger.java:59] - Started DiscoveryServer in 4.399 seconds (JVM running for 5.27)
2020-12-09 21:36:09,847 INFO [RMI TCP Connection(1)-192.168.0.102][DirectJDKLog.java:180] - Initializing Spring FrameworkServlet 'dispatcherServlet'
2020-12-09 21:36:09,848 INFO [RMI TCP Connection(1)-192.168.0.102][FrameworkServlet.java:494] - FrameworkServlet 'dispatcherServlet': initialization started
2020-12-09 21:36:09,861 INFO [RMI TCP Connection(1)-192.168.0.102][FrameworkServlet.java:509] - FrameworkServlet 'dispatcherServlet': initialization completed in 13 ms
2020-12-09 21:36:19,277 INFO [Eureka-EvictionTimer][AbstractInstanceRegistry.java:1247] - Running the evict task with compensationTime 0ms
2020-12-09 21:36:29,281 INFO [Eureka-EvictionTimer][AbstractInstanceRegistry.java:1247] - Running the evict task with compensationTime 4ms
2020-12-09 21:36:39,286 INFO [Eureka-EvictionTimer][AbstractInstanceRegistry.java:1247] - Running the evict task with compensationTime 4ms
2020-12-09 21:36:49,289 INFO [Eureka-EvictionTimer][AbstractInstanceRegistry.java:1247] - Running the evict task with compensationTime 3ms
2020-12-09 21:36:59,293 INFO [Eureka-EvictionTimer][AbstractInstanceRegistry.java:1247] - Running the evict task with compensationTime 3ms
2020-12-09 21:37:09,296 INFO [Eureka-EvictionTimer][AbstractInstanceRegistry.java:1247] - Running the evict task with compensationTime 3ms
2020-12-09 21:37:19,297 INFO [Eureka-EvictionTimer][AbstractInstanceRegistry.java:1247] - Running the evict task with compensationTime 0ms
2020-12-09 21:37:29,300 INFO [Eureka-EvictionTimer][AbstractInstanceRegistry.java:1247] - Running the evict task with compensationTime 3ms
2020-12-09 21:37:39,305 INFO [Eureka-EvictionTimer][AbstractInstanceRegistry.java:1247] - Running the evict task with compensationTime 4ms
2020-12-09 21:37:49,309 INFO [Eureka-EvictionTimer][AbstractInstanceRegistry.java:1247] - Running the evict task with compensationTime 4ms
2020-12-09 21:37:59,310 INFO [Eureka-EvictionTimer][AbstractInstanceRegistry.java:1247] - Running the evict task with compensationTime 0ms
2020-12-09 21:38:09,315 INFO [Eureka-EvictionTimer][AbstractInstanceRegistry.java:1247] - Running the evict task with compensationTime 4ms
2020-12-09 21:38:17,271 INFO [http-nio-56080-exec-2][AbstractInstanceRegistry.java:269] - Registered instance LEARN-HMILY-TCC-DEMO1/learn-hmily-tcc-demo1:192.168.0.102:56081 with status UP (replication=false)
2020-12-09 21:38:17,843 INFO [http-nio-56080-exec-3][AbstractInstanceRegistry.java:269] - Registered instance LEARN-HMILY-TCC-DEMO1/learn-hmily-tcc-demo1:192.168.0.102:56081 with status UP (replication=true)
2020-12-09 21:38:19,319 INFO [Eureka-EvictionTimer][AbstractInstanceRegistry.java:1247] - Running the evict task with compensationTime 4ms
2020-12-09 21:38:29,323 INFO [Eureka-EvictionTimer][AbstractInstanceRegistry.java:1247] - Running the evict task with compensationTime 4ms
2020-12-09 21:38:39,327 INFO [Eureka-EvictionTimer][AbstractInstanceRegistry.java:1247] - Running the evict task with compensationTime 3ms
2020-12-09 21:38:49,331 INFO [Eureka-EvictionTimer][AbstractInstanceRegistry.java:1247] - Running the evict task with compensationTime 3ms
2020-12-09 21:38:59,332 INFO [Eureka-EvictionTimer][AbstractInstanceRegistry.java:1247] - Running the evict task with compensationTime 0ms
2020-12-09 21:39:09,336 INFO [Eureka-EvictionTimer][AbstractInstanceRegistry.java:1247] - Running the evict task with compensationTime 4ms
2020-12-09 21:39:19,340 INFO [Eureka-EvictionTimer][AbstractInstanceRegistry.java:1247] - Running the evict task with compensationTime 3ms
2020-12-09 21:39:29,341 INFO [Eureka-EvictionTimer][AbstractInstanceRegistry.java:1247] - Running the evict task with compensationTime 1ms
2020-12-09 21:39:39,345 INFO [Eureka-EvictionTimer][AbstractInstanceRegistry.java:1247] - Running the evict task with compensationTime 3ms
2020-12-09 21:39:41,039 INFO [http-nio-56080-exec-3][AbstractInstanceRegistry.java:269] - Registered instance LEARN-HMILY-TCC-DEMO2/learn-hmily-tcc-demo2:192.168.0.102:56082 with status UP (replication=false)
2020-12-09 21:39:41,547 INFO [http-nio-56080-exec-4][AbstractInstanceRegistry.java:269] - Registered instance LEARN-HMILY-TCC-DEMO2/learn-hmily-tcc-demo2:192.168.0.102:56082 with status UP (replication=true)
2020-12-09 21:39:49,350 INFO [Eureka-EvictionTimer][AbstractInstanceRegistry.java:1247] - Running the evict task with compensationTime 5ms
2020-12-09 21:39:59,355 INFO [Eureka-EvictionTimer][AbstractInstanceRegistry.java:1247] - Running the evict task with compensationTime 4ms
2020-12-09 21:40:09,360 INFO [Eureka-EvictionTimer][AbstractInstanceRegistry.java:1247] - Running the evict task with compensationTime 5ms
2020-12-09 21:40:19,365 INFO [Eureka-EvictionTimer][AbstractInstanceRegistry.java:1247] - Running the evict task with compensationTime 4ms
2020-12-09 21:40:29,366 INFO [Eureka-EvictionTimer][AbstractInstanceRegistry.java:1247] - Running the evict task with compensationTime 1ms
2020-12-09 21:40:39,370 INFO [Eureka-EvictionTimer][AbstractInstanceRegistry.java:1247] - Running the evict task with compensationTime 3ms
2020-12-09 21:40:49,375 INFO [Eureka-EvictionTimer][AbstractInstanceRegistry.java:1247] - Running the evict task with compensationTime 4ms
2020-12-09 21:40:59,380 INFO [Eureka-EvictionTimer][AbstractInstanceRegistry.java:1247] - Running the evict task with compensationTime 5ms
2020-12-09 21:41:09,385 INFO [Eureka-EvictionTimer][AbstractInstanceRegistry.java:1247] - Running the evict task with compensationTime 4ms
2020-12-09 21:41:19,390 INFO [Eureka-EvictionTimer][AbstractInstanceRegistry.java:1247] - Running the evict task with compensationTime 5ms
2020-12-09 21:41:29,393 INFO [Eureka-EvictionTimer][AbstractInstanceRegistry.java:1247] - Running the evict task with compensationTime 3ms
2020-12-09 21:41:39,397 INFO [Eureka-EvictionTimer][AbstractInstanceRegistry.java:1247] - Running the evict task with compensationTime 3ms
2020-12-09 21:41:49,402 INFO [Eureka-EvictionTimer][AbstractInstanceRegistry.java:1247] - Running the evict task with compensationTime 4ms
2020-12-09 21:41:59,407 INFO [Eureka-EvictionTimer][AbstractInstanceRegistry.java:1247] - Running the evict task with compensationTime 5ms
2020-12-09 21:42:09,410 INFO [Eureka-EvictionTimer][AbstractInstanceRegistry.java:1247] - Running the evict task with compensationTime 3ms
2020-12-09 21:42:19,414 INFO [Eureka-EvictionTimer][AbstractInstanceRegistry.java:1247] - Running the evict task with compensationTime 3ms
2020-12-09 21:42:29,416 INFO [Eureka-EvictionTimer][AbstractInstanceRegistry.java:1247] - Running the evict task with compensationTime 0ms
2020-12-09 21:42:39,416 INFO [Eureka-EvictionTimer][AbstractInstanceRegistry.java:1247] - Running the evict task with compensationTime 1ms
2020-12-09 21:42:49,421 INFO [Eureka-EvictionTimer][AbstractInstanceRegistry.java:1247] - Running the evict task with compensationTime 4ms
2020-12-09 21:42:59,422 INFO [Eureka-EvictionTimer][AbstractInstanceRegistry.java:1247] - Running the evict task with compensationTime 0ms
2020-12-09 21:43:09,425 INFO [Eureka-EvictionTimer][AbstractInstanceRegistry.java:1247] - Running the evict task with compensationTime 3ms
2020-12-09 21:43:19,429 INFO [Eureka-EvictionTimer][AbstractInstanceRegistry.java:1247] - Running the evict task with compensationTime 4ms
2020-12-09 21:43:29,433 INFO [Eureka-EvictionTimer][AbstractInstanceRegistry.java:1247] - Running the evict task with compensationTime 3ms
2020-12-09 21:43:39,438 INFO [Eureka-EvictionTimer][AbstractInstanceRegistry.java:1247] - Running the evict task with compensationTime 5ms
2020-12-09 21:43:49,441 INFO [Eureka-EvictionTimer][AbstractInstanceRegistry.java:1247] - Running the evict task with compensationTime 3ms
2020-12-09 21:43:59,441 INFO [Eureka-EvictionTimer][AbstractInstanceRegistry.java:1247] - Running the evict task with compensationTime 0ms
2020-12-09 21:44:09,445 INFO [Eureka-EvictionTimer][AbstractInstanceRegistry.java:1247] - Running the evict task with compensationTime 4ms
2020-12-09 21:44:19,447 INFO [Eureka-EvictionTimer][AbstractInstanceRegistry.java:1247] - Running the evict task with compensationTime 2ms
2020-12-09 21:44:29,451 INFO [Eureka-EvictionTimer][AbstractInstanceRegistry.java:1247] - Running the evict task with compensationTime 3ms
2020-12-09 21:44:39,456 INFO [Eureka-EvictionTimer][AbstractInstanceRegistry.java:1247] - Running the evict task with compensationTime 5ms
2020-12-09 21:44:49,460 INFO [Eureka-EvictionTimer][AbstractInstanceRegistry.java:1247] - Running the evict task with compensationTime 4ms
2020-12-09 21:44:59,464 INFO [Eureka-EvictionTimer][AbstractInstanceRegistry.java:1247] - Running the evict task with compensationTime 4ms
2020-12-09 21:45:09,468 INFO [Eureka-EvictionTimer][AbstractInstanceRegistry.java:1247] - Running the evict task with compensationTime 3ms
2020-12-09 21:45:19,471 INFO [Eureka-EvictionTimer][AbstractInstanceRegistry.java:1247] - Running the evict task with compensationTime 2ms
2020-12-09 21:45:29,473 INFO [Eureka-EvictionTimer][AbstractInstanceRegistry.java:1247] - Running the evict task with compensationTime 1ms
2020-12-09 21:45:39,473 INFO [Eureka-EvictionTimer][AbstractInstanceRegistry.java:1247] - Running the evict task with compensationTime 0ms
2020-12-09 21:45:49,477 INFO [Eureka-EvictionTimer][AbstractInstanceRegistry.java:1247] - Running the evict task with compensationTime 4ms
2020-12-09 21:45:59,481 INFO [Eureka-EvictionTimer][AbstractInstanceRegistry.java:1247] - Running the evict task with compensationTime 3ms
2020-12-09 21:46:09,485 INFO [Eureka-EvictionTimer][AbstractInstanceRegistry.java:1247] - Running the evict task with compensationTime 4ms
2020-12-09 21:46:19,489 INFO [Eureka-EvictionTimer][AbstractInstanceRegistry.java:1247] - Running the evict task with compensationTime 3ms
2020-12-09 21:46:29,493 INFO [Eureka-EvictionTimer][AbstractInstanceRegistry.java:1247] - Running the evict task with compensationTime 4ms
2020-12-09 21:46:39,497 INFO [Eureka-EvictionTimer][AbstractInstanceRegistry.java:1247] - Running the evict task with compensationTime 4ms
2020-12-09 21:46:49,497 INFO [Eureka-EvictionTimer][AbstractInstanceRegistry.java:1247] - Running the evict task with compensationTime 0ms
2020-12-09 21:46:59,501 INFO [Eureka-EvictionTimer][AbstractInstanceRegistry.java:1247] - Running the evict task with compensationTime 3ms
2020-12-09 21:47:09,502 INFO [Eureka-EvictionTimer][AbstractInstanceRegistry.java:1247] - Running the evict task with compensationTime 0ms
2020-12-09 21:47:19,507 INFO [Eureka-EvictionTimer][AbstractInstanceRegistry.java:1247] - Running the evict task with compensationTime 4ms
2020-12-09 21:47:29,508 INFO [Eureka-EvictionTimer][AbstractInstanceRegistry.java:1247] - Running the evict task with compensationTime 1ms
2020-12-09 21:47:39,512 INFO [Eureka-EvictionTimer][AbstractInstanceRegistry.java:1247] - Running the evict task with compensationTime 3ms
2020-12-09 21:47:49,516 INFO [Eureka-EvictionTimer][AbstractInstanceRegistry.java:1247] - Running the evict task with compensationTime 4ms
2020-12-09 21:47:59,520 INFO [Eureka-EvictionTimer][AbstractInstanceRegistry.java:1247] - Running the evict task with compensationTime 3ms
2020-12-09 21:48:09,527 INFO [Eureka-EvictionTimer][AbstractInstanceRegistry.java:1247] - Running the evict task with compensationTime 2ms
2020-12-09 21:48:19,537 INFO [Eureka-EvictionTimer][AbstractInstanceRegistry.java:1247] - Running the evict task with compensationTime 4ms
2020-12-09 21:48:29,540 INFO [Eureka-EvictionTimer][AbstractInstanceRegistry.java:1247] - Running the evict task with compensationTime 0ms
2020-12-09 21:48:39,542 INFO [Eureka-EvictionTimer][AbstractInstanceRegistry.java:1247] - Running the evict task with compensationTime 0ms
2020-12-09 21:48:49,546 INFO [Eureka-EvictionTimer][AbstractInstanceRegistry.java:1247] - Running the evict task with compensationTime 2ms
2020-12-09 21:48:59,547 INFO [Eureka-EvictionTimer][AbstractInstanceRegistry.java:1247] - Running the evict task with compensationTime 0ms
2020-12-09 21:49:09,549 INFO [Eureka-EvictionTimer][AbstractInstanceRegistry.java:1247] - Running the evict task with compensationTime 2ms
2020-12-09 21:49:19,551 INFO [Eureka-EvictionTimer][AbstractInstanceRegistry.java:1247] - Running the evict task with compensationTime 1ms
2020-12-09 21:49:29,555 INFO [Eureka-EvictionTimer][AbstractInstanceRegistry.java:1247] - Running the evict task with compensationTime 4ms
2020-12-09 21:49:39,558 INFO [Eureka-EvictionTimer][AbstractInstanceRegistry.java:1247] - Running the evict task with compensationTime 1ms
2020-12-09 21:49:49,561 INFO [Eureka-EvictionTimer][AbstractInstanceRegistry.java:1247] - Running the evict task with compensationTime 3ms
2020-12-09 21:49:59,565 INFO [Eureka-EvictionTimer][AbstractInstanceRegistry.java:1247] - Running the evict task with compensationTime 3ms
2020-12-09 21:50:09,567 INFO [Eureka-EvictionTimer][AbstractInstanceRegistry.java:1247] - Running the evict task with compensationTime 2ms
2020-12-09 21:50:19,567 INFO [Eureka-EvictionTimer][AbstractInstanceRegistry.java:1247] - Running the evict task with compensationTime 0ms
2020-12-09 21:50:29,570 INFO [Eureka-EvictionTimer][AbstractInstanceRegistry.java:1247] - Running the evict task with compensationTime 2ms
2020-12-09 21:50:39,571 INFO [Eureka-EvictionTimer][AbstractInstanceRegistry.java:1247] - Running the evict task with compensationTime 1ms
2020-12-09 21:50:49,571 INFO [Eureka-EvictionTimer][AbstractInstanceRegistry.java:1247] - Running the evict task with compensationTime 0ms
2020-12-09 21:50:57,408 INFO [http-nio-56080-exec-3][AbstractInstanceRegistry.java:269] - Registered instance LEARN-HMILY-TCC-DEMO1/learn-hmily-tcc-demo1:192.168.0.102:56081 with status DOWN (replication=false)
2020-12-09 21:50:57,476 INFO [http-nio-56080-exec-1][AbstractInstanceRegistry.java:269] - Registered instance LEARN-HMILY-TCC-DEMO1/learn-hmily-tcc-demo1:192.168.0.102:56081 with status DOWN (replication=true)
2020-12-09 21:50:59,372 INFO [http-nio-56080-exec-6][AbstractInstanceRegistry.java:269] - Registered instance LEARN-HMILY-TCC-DEMO2/learn-hmily-tcc-demo2:192.168.0.102:56082 with status DOWN (replication=false)
2020-12-09 21:50:59,576 INFO [Eureka-EvictionTimer][AbstractInstanceRegistry.java:1247] - Running the evict task with compensationTime 5ms
2020-12-09 21:50:59,878 INFO [http-nio-56080-exec-10][AbstractInstanceRegistry.java:269] - Registered instance LEARN-HMILY-TCC-DEMO2/learn-hmily-tcc-demo2:192.168.0.102:56082 with status DOWN (replication=true)
2020-12-09 21:51:00,542 INFO [http-nio-56080-exec-8][AbstractInstanceRegistry.java:333] - Cancelled instance LEARN-HMILY-TCC-DEMO1/learn-hmily-tcc-demo1:192.168.0.102:56081 (replication=false)
2020-12-09 21:51:01,064 WARN [http-nio-56080-exec-3][AbstractInstanceRegistry.java:318] - DS: Registry: cancel failed because Lease is not registered for: LEARN-HMILY-TCC-DEMO1/learn-hmily-tcc-demo1:192.168.0.102:56081
2020-12-09 21:51:01,064 INFO [http-nio-56080-exec-3][InstanceResource.java:288] - Not Found (Cancel): LEARN-HMILY-TCC-DEMO1 - learn-hmily-tcc-demo1:192.168.0.102:56081
2020-12-09 21:51:01,065 WARN [TaskBatchingWorker-target_localhost-10][ReplicationTask.java:35] - The replication of task LEARN-HMILY-TCC-DEMO1/learn-hmily-tcc-demo1:192.168.0.102:56081:Cancel@localhost failed with response code 404
2020-12-09 21:51:01,065 WARN [TaskBatchingWorker-target_localhost-10][PeerEurekaNode.java:171] - LEARN-HMILY-TCC-DEMO1/learn-hmily-tcc-demo1:192.168.0.102:56081:Cancel@localhost: missing entry.
2020-12-09 21:51:02,428 INFO [http-nio-56080-exec-7][AbstractInstanceRegistry.java:333] - Cancelled instance LEARN-HMILY-TCC-DEMO2/learn-hmily-tcc-demo2:192.168.0.102:56082 (replication=false)
2020-12-09 21:51:02,478 WARN [http-nio-56080-exec-10][AbstractInstanceRegistry.java:356] - DS: Registry: lease doesn't exist, registering resource: LEARN-HMILY-TCC-DEMO2 - learn-hmily-tcc-demo2:192.168.0.102:56082
2020-12-09 21:51:02,478 WARN [http-nio-56080-exec-10][InstanceResource.java:116] - Not Found (Renew): LEARN-HMILY-TCC-DEMO2 - learn-hmily-tcc-demo2:192.168.0.102:56082
2020-12-09 21:51:02,478 WARN [http-nio-56080-exec-10][AbstractInstanceRegistry.java:318] - DS: Registry: cancel failed because Lease is not registered for: LEARN-HMILY-TCC-DEMO2/learn-hmily-tcc-demo2:192.168.0.102:56082
2020-12-09 21:51:02,480 INFO [http-nio-56080-exec-10][InstanceResource.java:288] - Not Found (Cancel): LEARN-HMILY-TCC-DEMO2 - learn-hmily-tcc-demo2:192.168.0.102:56082
2020-12-09 21:51:02,482 WARN [TaskBatchingWorker-target_localhost-15][ReplicationTask.java:35] - The replication of task LEARN-HMILY-TCC-DEMO2/learn-hmily-tcc-demo2:192.168.0.102:56082:Heartbeat@localhost failed with response code 404
2020-12-09 21:51:02,482 WARN [TaskBatchingWorker-target_localhost-15][PeerEurekaNode.java:212] - LEARN-HMILY-TCC-DEMO2/learn-hmily-tcc-demo2:192.168.0.102:56082:Heartbeat@localhost: missing entry.
2020-12-09 21:51:02,483 WARN [TaskBatchingWorker-target_localhost-15][PeerEurekaNode.java:214] - LEARN-HMILY-TCC-DEMO2/learn-hmily-tcc-demo2:192.168.0.102:56082:Heartbeat@localhost: cannot find instance id learn-hmily-tcc-demo2:192.168.0.102:56082 and hence replicating the instance with status DOWN
2020-12-09 21:51:02,483 WARN [TaskBatchingWorker-target_localhost-15][ReplicationTask.java:35] - The replication of task LEARN-HMILY-TCC-DEMO2/learn-hmily-tcc-demo2:192.168.0.102:56082:Cancel@localhost failed with response code 404
2020-12-09 21:51:02,483 WARN [TaskBatchingWorker-target_localhost-15][PeerEurekaNode.java:171] - LEARN-HMILY-TCC-DEMO2/learn-hmily-tcc-demo2:192.168.0.102:56082:Cancel@localhost: missing entry.
2020-12-09 21:51:02,996 INFO [http-nio-56080-exec-8][AbstractInstanceRegistry.java:269] - Registered instance LEARN-HMILY-TCC-DEMO2/learn-hmily-tcc-demo2:192.168.0.102:56082 with status DOWN (replication=true)
2020-12-09 21:51:09,201 INFO [ReplicaAwareInstanceRegistry - RenewalThresholdUpdater][PeerAwareInstanceRegistryImpl.java:541] - Current renewal threshold is : 0
2020-12-09 21:51:09,577 INFO [Eureka-EvictionTimer][AbstractInstanceRegistry.java:1247] - Running the evict task with compensationTime 0ms
2020-12-09 21:51:19,582 INFO [Eureka-EvictionTimer][AbstractInstanceRegistry.java:1247] - Running the evict task with compensationTime 4ms
2020-12-09 21:51:19,582 INFO [Eureka-EvictionTimer][AbstractInstanceRegistry.java:614] - Evicting 1 items (expired=1, evictionLimit=1)
2020-12-09 21:51:19,583 WARN [Eureka-EvictionTimer][AbstractInstanceRegistry.java:626] - DS: Registry: expired lease for LEARN-HMILY-TCC-DEMO2/learn-hmily-tcc-demo2:192.168.0.102:56082
2020-12-09 21:51:19,583 INFO [Eureka-EvictionTimer][AbstractInstanceRegistry.java:333] - Cancelled instance LEARN-HMILY-TCC-DEMO2/learn-hmily-tcc-demo2:192.168.0.102:56082 (replication=false)
2020-12-09 21:51:29,582 INFO [Eureka-EvictionTimer][AbstractInstanceRegistry.java:1247] - Running the evict task with compensationTime 0ms
2020-12-09 21:51:39,582 INFO [Eureka-EvictionTimer][AbstractInstanceRegistry.java:1247] - Running the evict task with compensationTime 0ms
2020-12-09 21:51:49,584 INFO [Eureka-EvictionTimer][AbstractInstanceRegistry.java:1247] - Running the evict task with compensationTime 1ms
2020-12-09 21:51:59,588 INFO [Eureka-EvictionTimer][AbstractInstanceRegistry.java:1247] - Running the evict task with compensationTime 4ms
2020-12-09 21:52:09,588 INFO [Eureka-EvictionTimer][AbstractInstanceRegistry.java:1247] - Running the evict task with compensationTime 0ms
2020-12-09 21:52:19,588 INFO [Eureka-EvictionTimer][AbstractInstanceRegistry.java:1247] - Running the evict task with compensationTime 0ms
2020-12-09 21:52:29,589 INFO [Eureka-EvictionTimer][AbstractInstanceRegistry.java:1247] - Running the evict task with compensationTime 0ms
2020-12-09 21:52:39,593 INFO [Eureka-EvictionTimer][AbstractInstanceRegistry.java:1247] - Running the evict task with compensationTime 3ms
2020-12-09 21:52:49,592 INFO [Eureka-EvictionTimer][AbstractInstanceRegistry.java:1247] - Running the evict task with compensationTime 0ms
2020-12-09 21:52:59,592 INFO [Eureka-EvictionTimer][AbstractInstanceRegistry.java:1247] - Running the evict task with compensationTime 0ms
2020-12-09 21:53:09,596 INFO [Eureka-EvictionTimer][AbstractInstanceRegistry.java:1247] - Running the evict task with compensationTime 4ms
2020-12-09 21:53:19,597 INFO [Eureka-EvictionTimer][AbstractInstanceRegistry.java:1247] - Running the evict task with compensationTime 0ms
2020-12-09 21:53:29,599 INFO [Eureka-EvictionTimer][AbstractInstanceRegistry.java:1247] - Running the evict task with compensationTime 1ms
2020-12-09 21:53:39,603 INFO [Eureka-EvictionTimer][AbstractInstanceRegistry.java:1247] - Running the evict task with compensationTime 3ms
2020-12-09 21:53:49,606 INFO [Eureka-EvictionTimer][AbstractInstanceRegistry.java:1247] - Running the evict task with compensationTime 2ms
2020-12-09 21:53:59,608 INFO [Eureka-EvictionTimer][AbstractInstanceRegistry.java:1247] - Running the evict task with compensationTime 2ms
2020-12-09 21:54:09,613 INFO [Eureka-EvictionTimer][AbstractInstanceRegistry.java:1247] - Running the evict task with compensationTime 5ms
2020-12-09 21:54:19,616 INFO [Eureka-EvictionTimer][AbstractInstanceRegistry.java:1247] - Running the evict task with compensationTime 2ms
2020-12-09 21:54:29,621 INFO [Eureka-EvictionTimer][AbstractInstanceRegistry.java:1247] - Running the evict task with compensationTime 5ms
2020-12-09 21:54:39,626 INFO [Eureka-EvictionTimer][AbstractInstanceRegistry.java:1247] - Running the evict task with compensationTime 4ms
2020-12-09 21:54:49,629 INFO [Eureka-EvictionTimer][AbstractInstanceRegistry.java:1247] - Running the evict task with compensationTime 3ms
2020-12-09 21:54:59,631 INFO [Eureka-EvictionTimer][AbstractInstanceRegistry.java:1247] - Running the evict task with compensationTime 1ms
2020-12-09 21:55:09,631 INFO [Eureka-EvictionTimer][AbstractInstanceRegistry.java:1247] - Running the evict task with compensationTime 0ms
2020-12-09 21:55:19,634 INFO [Eureka-EvictionTimer][AbstractInstanceRegistry.java:1247] - Running the evict task with compensationTime 2ms
2020-12-09 21:55:29,638 INFO [Eureka-EvictionTimer][AbstractInstanceRegistry.java:1247] - Running the evict task with compensationTime 3ms
2020-12-09 21:55:39,637 INFO [Eureka-EvictionTimer][AbstractInstanceRegistry.java:1247] - Running the evict task with compensationTime 0ms
2020-12-09 21:55:49,641 INFO [Eureka-EvictionTimer][AbstractInstanceRegistry.java:1247] - Running the evict task with compensationTime 3ms
2020-12-09 21:55:59,642 INFO [Eureka-EvictionTimer][AbstractInstanceRegistry.java:1247] - Running the evict task with compensationTime 0ms
2020-12-09 21:56:09,645 INFO [Eureka-EvictionTimer][AbstractInstanceRegistry.java:1247] - Running the evict task with compensationTime 2ms
2020-12-09 21:56:19,648 INFO [Eureka-EvictionTimer][AbstractInstanceRegistry.java:1247] - Running the evict task with compensationTime 2ms
2020-12-09 21:56:29,652 INFO [Eureka-EvictionTimer][AbstractInstanceRegistry.java:1247] - Running the evict task with compensationTime 3ms
2020-12-09 21:56:39,656 INFO [Eureka-EvictionTimer][AbstractInstanceRegistry.java:1247] - Running the evict task with compensationTime 4ms
2020-12-09 21:56:49,659 INFO [Eureka-EvictionTimer][AbstractInstanceRegistry.java:1247] - Running the evict task with compensationTime 2ms
2020-12-09 21:56:59,663 INFO [Eureka-EvictionTimer][AbstractInstanceRegistry.java:1247] - Running the evict task with compensationTime 3ms
2020-12-09 21:57:09,667 INFO [Eureka-EvictionTimer][AbstractInstanceRegistry.java:1247] - Running the evict task with compensationTime 4ms
2020-12-09 21:57:19,671 INFO [Eureka-EvictionTimer][AbstractInstanceRegistry.java:1247] - Running the evict task with compensationTime 3ms
2020-12-09 21:57:29,672 INFO [Eureka-EvictionTimer][AbstractInstanceRegistry.java:1247] - Running the evict task with compensationTime 0ms
2020-12-09 21:57:39,677 INFO [Eureka-EvictionTimer][AbstractInstanceRegistry.java:1247] - Running the evict task with compensationTime 5ms
2020-12-09 21:57:49,680 INFO [Eureka-EvictionTimer][AbstractInstanceRegistry.java:1247] - Running the evict task with compensationTime 2ms
2020-12-09 21:57:59,682 INFO [Eureka-EvictionTimer][AbstractInstanceRegistry.java:1247] - Running the evict task with compensationTime 2ms
2020-12-09 21:58:09,683 INFO [Eureka-EvictionTimer][AbstractInstanceRegistry.java:1247] - Running the evict task with compensationTime 0ms
2020-12-09 21:58:19,687 INFO [Eureka-EvictionTimer][AbstractInstanceRegistry.java:1247] - Running the evict task with compensationTime 3ms
2020-12-09 21:58:29,688 INFO [Eureka-EvictionTimer][AbstractInstanceRegistry.java:1247] - Running the evict task with compensationTime 0ms
2020-12-09 21:58:39,688 INFO [Eureka-EvictionTimer][AbstractInstanceRegistry.java:1247] - Running the evict task with compensationTime 0ms
2020-12-09 21:58:49,692 INFO [Eureka-EvictionTimer][AbstractInstanceRegistry.java:1247] - Running the evict task with compensationTime 3ms
2020-12-09 21:58:59,696 INFO [Eureka-EvictionTimer][AbstractInstanceRegistry.java:1247] - Running the evict task with compensationTime 4ms
2020-12-09 21:59:09,697 INFO [Eureka-EvictionTimer][AbstractInstanceRegistry.java:1247] - Running the evict task with compensationTime 1ms
2020-12-09 21:59:19,701 INFO [Eureka-EvictionTimer][AbstractInstanceRegistry.java:1247] - Running the evict task with compensationTime 3ms
2020-12-09 21:59:29,703 INFO [Eureka-EvictionTimer][AbstractInstanceRegistry.java:1247] - Running the evict task with compensationTime 2ms
2020-12-09 21:59:39,703 INFO [Eureka-EvictionTimer][AbstractInstanceRegistry.java:1247] - Running the evict task with compensationTime 0ms
2020-12-09 21:59:49,707 INFO [Eureka-EvictionTimer][AbstractInstanceRegistry.java:1247] - Running the evict task with compensationTime 4ms
2020-12-09 21:59:59,711 INFO [Eureka-EvictionTimer][AbstractInstanceRegistry.java:1247] - Running the evict task with compensationTime 3ms
